<?xml version="1.0" encoding="UTF-8"?>
<testng-results ignored="0" total="2" passed="2" failed="0" skipped="0">
  <reporter-output>
  </reporter-output>
  <suite started-at="2024-01-17T18:19:40Z" name="Suite" finished-at="2024-01-17T18:19:43Z" duration-ms="3184">
    <groups>
      <group name="cucumber">
        <method signature="AbstractTestNGCucumberTests.runScenario(io.cucumber.testng.PickleWrapper, io.cucumber.testng.FeatureWrapper)[pri:0, instance:com.januarysixthrunner.JanuarySixthRunner@7c51f34b]" name="runScenario" class="io.cucumber.testng.AbstractTestNGCucumberTests"/>
        <method signature="AbstractTestNGCucumberTests.runScenario(io.cucumber.testng.PickleWrapper, io.cucumber.testng.FeatureWrapper)[pri:0, instance:com.januarysixthrunner.LogoutRunnerJanuarySixth@5495333e]" name="runScenario" class="io.cucumber.testng.AbstractTestNGCucumberTests"/>
      </group> <!-- cucumber -->
    </groups>
    <test started-at="2024-01-17T18:19:40Z" name="Test" finished-at="2024-01-17T18:19:43Z" duration-ms="3184">
      <class name="com.januarysixthrunner.LogoutRunnerJanuarySixth">
        <test-method is-config="true" signature="setUpClass()[pri:0, instance:com.januarysixthrunner.LogoutRunnerJanuarySixth@5495333e]" started-at="2024-01-17T18:19:43Z" name="setUpClass" finished-at="2024-01-17T18:19:43Z" duration-ms="14" status="PASS">
          <reporter-output>
          </reporter-output>
        </test-method> <!-- setUpClass -->
        <test-method signature="runScenario(io.cucumber.testng.PickleWrapper, io.cucumber.testng.FeatureWrapper)[pri:0, instance:com.januarysixthrunner.LogoutRunnerJanuarySixth@5495333e]" started-at="2024-01-17T18:19:43Z" name="runScenario" description="Runs Cucumber Scenarios" data-provider="scenarios" finished-at="2024-01-17T18:19:43Z" duration-ms="12" status="PASS">
          <params>
            <param index="0">
              <value>
                <![CDATA["As a logged-in user, I want to logout successfully Parabank website"]]>
              </value>
            </param>
            <param index="1">
              <value>
                <![CDATA["Optional[Parabank logout testing]"]]>
              </value>
            </param>
          </params>
          <reporter-output>
          </reporter-output>
        </test-method> <!-- runScenario -->
        <test-method is-config="true" signature="tearDownClass()[pri:0, instance:com.januarysixthrunner.LogoutRunnerJanuarySixth@5495333e]" started-at="2024-01-17T18:19:43Z" name="tearDownClass" finished-at="2024-01-17T18:19:43Z" duration-ms="667" status="PASS">
          <reporter-output>
          </reporter-output>
        </test-method> <!-- tearDownClass -->
      </class> <!-- com.januarysixthrunner.LogoutRunnerJanuarySixth -->
      <class name="com.januarysixthrunner.JanuarySixthRunner">
        <test-method is-config="true" signature="setup()[pri:0, instance:com.januarysixthrunner.JanuarySixthRunner@7c51f34b]" started-at="2024-01-17T18:19:40Z" name="setup" finished-at="2024-01-17T18:19:40Z" duration-ms="7" status="PASS">
          <reporter-output>
          </reporter-output>
        </test-method> <!-- setup -->
        <test-method is-config="true" signature="setup()[pri:0, instance:com.januarysixthrunner.LogoutRunnerJanuarySixth@5495333e]" started-at="2024-01-17T18:19:40Z" name="setup" finished-at="2024-01-17T18:19:40Z" duration-ms="0" status="PASS">
          <reporter-output>
          </reporter-output>
        </test-method> <!-- setup -->
        <test-method is-config="true" signature="setUpClass()[pri:0, instance:com.januarysixthrunner.JanuarySixthRunner@7c51f34b]" started-at="2024-01-17T18:19:40Z" name="setUpClass" finished-at="2024-01-17T18:19:41Z" duration-ms="317" status="PASS">
          <reporter-output>
          </reporter-output>
        </test-method> <!-- setUpClass -->
        <test-method signature="runScenario(io.cucumber.testng.PickleWrapper, io.cucumber.testng.FeatureWrapper)[pri:0, instance:com.januarysixthrunner.JanuarySixthRunner@7c51f34b]" started-at="2024-01-17T18:19:41Z" name="runScenario" description="Runs Cucumber Scenarios" data-provider="scenarios" finished-at="2024-01-17T18:19:41Z" duration-ms="120" status="PASS">
          <params>
            <param index="0">
              <value>
                <![CDATA["As a user, I want to login to Parabank website using valid credentials"]]>
              </value>
            </param>
            <param index="1">
              <value>
                <![CDATA["Optional[Parabank login testing]"]]>
              </value>
            </param>
          </params>
          <reporter-output>
          </reporter-output>
        </test-method> <!-- runScenario -->
        <test-method is-config="true" signature="tearDownClass()[pri:0, instance:com.januarysixthrunner.JanuarySixthRunner@7c51f34b]" started-at="2024-01-17T18:19:41Z" name="tearDownClass" finished-at="2024-01-17T18:19:43Z" duration-ms="2030" status="PASS">
          <reporter-output>
          </reporter-output>
        </test-method> <!-- tearDownClass -->
      </class> <!-- com.januarysixthrunner.JanuarySixthRunner -->
    </test> <!-- Test -->
  </suite> <!-- Suite -->
</testng-results>
